<?xml version="1.0" encoding="UTF-8"?>
<coverage generated="1774903630789" clover="3.2.0">
  <project timestamp="1774903630789" name="All files">
    <metrics statements="13" coveredstatements="13" conditionals="11" coveredconditionals="10" methods="1" coveredmethods="1" elements="25" coveredelements="24" complexity="0" loc="13" ncloc="13" packages="1" files="1" classes="1"/>
    <file name="CalculadoraDeDesconto.js" path="C:\Users\Maria Luíza\Documents\Manutenção\Atividade\src\CalculadoraDeDesconto.js">
      <metrics statements="13" coveredstatements="13" conditionals="11" coveredconditionals="10" methods="1" coveredmethods="1"/>
      <line num="3" count="7" type="cond" truecount="2" falsecount="0"/>
      <line num="4" count="1" type="stmt"/>
      <line num="7" count="6" type="stmt"/>
      <line num="9" count="6" type="cond" truecount="2" falsecount="0"/>
      <line num="10" count="1" type="stmt"/>
      <line num="11" count="5" type="cond" truecount="2" falsecount="0"/>
      <line num="12" count="3" type="stmt"/>
      <line num="14" count="2" type="stmt"/>
      <line num="17" count="6" type="cond" truecount="2" falsecount="0"/>
      <line num="18" count="2" type="stmt"/>
      <line num="21" count="6" type="stmt"/>
      <line num="26" count="1" type="cond" truecount="1" falsecount="1"/>
      <line num="27" count="1" type="stmt"/>
    </file>
  </project>
</coverage>
